# JRE version: Java(TM) SE Runtime Environment (8.0_31-b13) (build 1.8.0_31-b13)
# Java VM: Java HotSpot(TM) 64-Bit Server VM (25.31-b07 mixed mode windows-amd64 compressed oops)
Heap:
 PSYoungGen      total 323584K, used 74828K [0x00000000eab00000, 0x00000000ffc00000, 0x0000000100000000)
  eden space 304128K, 24% used [0x00000000eab00000,0x00000000ef4131b0,0x00000000fd400000)
  from space 19456K, 0% used [0x00000000fe900000,0x00000000fe900000,0x00000000ffc00000)
  to   space 20480K, 0% used [0x00000000fd400000,0x00000000fd400000,0x00000000fe800000)
 ParOldGen       total 89088K, used 33649K [0x00000000c0000000, 0x00000000c5700000, 0x00000000eab00000)
  object space 89088K, 37% used [0x00000000c0000000,0x00000000c20dc790,0x00000000c5700000)
 Metaspace       used 53410K, capacity 57118K, committed 57344K, reserved 1099776K
  class space    used 6958K, capacity 7422K, committed 7424K, reserved 1048576K
GC Heap History (10 events):
Event: 9696.673 GC heap before
{Heap before GC invocations=29 (full 11):
 PSYoungGen      total 325632K, used 2975K [0x00000000eab00000, 0x00000000fff00000, 0x0000000100000000)
  eden space 304128K, 0% used [0x00000000eab00000,0x00000000eab00000,0x00000000fd400000)
  from space 21504K, 13% used [0x00000000fea00000,0x00000000fece7c70,0x00000000fff00000)
  to   space 22016K, 0% used [0x00000000fd400000,0x00000000fd400000,0x00000000fe980000)
 ParOldGen       total 89088K, used 32985K [0x00000000c0000000, 0x00000000c5700000, 0x00000000eab00000)
  object space 89088K, 37% used [0x00000000c0000000,0x00000000c2036798,0x00000000c5700000)
 Metaspace       used 52492K, capacity 55008K, committed 55040K, reserved 1097728K
  class space    used 6798K, capacity 7157K, committed 7168K, reserved 1048576K
Event: 9697.548 GC heap after
Heap after GC invocations=29 (full 11):
 PSYoungGen      total 325632K, used 0K [0x00000000eab00000, 0x00000000fff00000, 0x0000000100000000)
  eden space 304128K, 0% used [0x00000000eab00000,0x00000000eab00000,0x00000000fd400000)
  from space 21504K, 0% used [0x00000000fea00000,0x00000000fea00000,0x00000000fff00000)
  to   space 22016K, 0% used [0x00000000fd400000,0x00000000fd400000,0x00000000fe980000)
 ParOldGen       total 89088K, used 33773K [0x00000000c0000000, 0x00000000c5700000, 0x00000000eab00000)
  object space 89088K, 37% used [0x00000000c0000000,0x00000000c20fb7f8,0x00000000c5700000)
 Metaspace       used 52492K, capacity 55008K, committed 55040K, reserved 1097728K
  class space    used 6798K, capacity 7157K, committed 7168K, reserved 1048576K
}
Event: 9890.171 GC heap before
{Heap before GC invocations=30 (full 11):
 PSYoungGen      total 325632K, used 159420K [0x00000000eab00000, 0x00000000fff00000, 0x0000000100000000)
  eden space 304128K, 52% used [0x00000000eab00000,0x00000000f46af2f8,0x00000000fd400000)
  from space 21504K, 0% used [0x00000000fea00000,0x00000000fea00000,0x00000000fff00000)
  to   space 22016K, 0% used [0x00000000fd400000,0x00000000fd400000,0x00000000fe980000)
 ParOldGen       total 89088K, used 33773K [0x00000000c0000000, 0x00000000c5700000, 0x00000000eab00000)
  object space 89088K, 37% used [0x00000000c0000000,0x00000000c20fb7f8,0x00000000c5700000)
 Metaspace       used 52614K, capacity 55292K, committed 55680K, reserved 1097728K
  class space    used 6805K, capacity 7164K, committed 7296K, reserved 1048576K
Event: 9890.180 GC heap after
Heap after GC invocations=30 (full 11):
 PSYoungGen      total 306176K, used 1631K [0x00000000eab00000, 0x00000000ffe00000, 0x0000000100000000)
  eden space 304128K, 0% used [0x00000000eab00000,0x00000000eab00000,0x00000000fd400000)
  from space 2048K, 79% used [0x00000000fd400000,0x00000000fd597c50,0x00000000fd600000)
  to   space 21504K, 0% used [0x00000000fe900000,0x00000000fe900000,0x00000000ffe00000)
 ParOldGen       total 89088K, used 33781K [0x00000000c0000000, 0x00000000c5700000, 0x00000000eab00000)
  object space 89088K, 37% used [0x00000000c0000000,0x00000000c20fd7f8,0x00000000c5700000)
 Metaspace       used 52614K, capacity 55292K, committed 55680K, reserved 1097728K
  class space    used 6805K, capacity 7164K, committed 7296K, reserved 1048576K
}
Event: 9890.180 GC heap before
{Heap before GC invocations=31 (full 12):
 PSYoungGen      total 306176K, used 1631K [0x00000000eab00000, 0x00000000ffe00000, 0x0000000100000000)
  eden space 304128K, 0% used [0x00000000eab00000,0x00000000eab00000,0x00000000fd400000)
  from space 2048K, 79% used [0x00000000fd400000,0x00000000fd597c50,0x00000000fd600000)
  to   space 21504K, 0% used [0x00000000fe900000,0x00000000fe900000,0x00000000ffe00000)
 ParOldGen       total 89088K, used 33781K [0x00000000c0000000, 0x00000000c5700000, 0x00000000eab00000)
  object space 89088K, 37% used [0x00000000c0000000,0x00000000c20fd7f8,0x00000000c5700000)
 Metaspace       used 52614K, capacity 55292K, committed 55680K, reserved 1097728K
  class space    used 6805K, capacity 7164K, committed 7296K, reserved 1048576K
Event: 9890.744 GC heap after
Heap after GC invocations=31 (full 12):
 PSYoungGen      total 306176K, used 0K [0x00000000eab00000, 0x00000000ffe00000, 0x0000000100000000)
  eden space 304128K, 0% used [0x00000000eab00000,0x00000000eab00000,0x00000000fd400000)
  from space 2048K, 0% used [0x00000000fd400000,0x00000000fd400000,0x00000000fd600000)
  to   space 21504K, 0% used [0x00000000fe900000,0x00000000fe900000,0x00000000ffe00000)
 ParOldGen       total 89088K, used 33139K [0x00000000c0000000, 0x00000000c5700000, 0x00000000eab00000)
  object space 89088K, 37% used [0x00000000c0000000,0x00000000c205cfe0,0x00000000c5700000)
 Metaspace       used 52614K, capacity 55292K, committed 55680K, reserved 1097728K
  class space    used 6805K, capacity 7164K, committed 7296K, reserved 1048576K
}
Event: 10055.992 GC heap before
{Heap before GC invocations=32 (full 12):
 PSYoungGen      total 306176K, used 177514K [0x00000000eab00000, 0x00000000ffe00000, 0x0000000100000000)
  eden space 304128K, 58% used [0x00000000eab00000,0x00000000f585aad0,0x00000000fd400000)
  from space 2048K, 0% used [0x00000000fd400000,0x00000000fd400000,0x00000000fd600000)
  to   space 21504K, 0% used [0x00000000fe900000,0x00000000fe900000,0x00000000ffe00000)
 ParOldGen       total 89088K, used 33139K [0x00000000c0000000, 0x00000000c5700000, 0x00000000eab00000)
  object space 89088K, 37% used [0x00000000c0000000,0x00000000c205cfe0,0x00000000c5700000)
 Metaspace       used 53148K, capacity 56316K, committed 56576K, reserved 1097728K
  class space    used 6896K, capacity 7318K, committed 7424K, reserved 1048576K
Event: 10056.028 GC heap after
Heap after GC invocations=32 (full 12):
 PSYoungGen      total 323584K, used 2000K [0x00000000eab00000, 0x00000000ffc00000, 0x0000000100000000)
  eden space 304128K, 0% used [0x00000000eab00000,0x00000000eab00000,0x00000000fd400000)
  from space 19456K, 10% used [0x00000000fe900000,0x00000000feaf4030,0x00000000ffc00000)
  to   space 20480K, 0% used [0x00000000fd400000,0x00000000fd400000,0x00000000fe800000)
 ParOldGen       total 89088K, used 33147K [0x00000000c0000000, 0x00000000c5700000, 0x00000000eab00000)
  object space 89088K, 37% used [0x00000000c0000000,0x00000000c205efe0,0x00000000c5700000)
 Metaspace       used 53148K, capacity 56316K, committed 56576K, reserved 1097728K
  class space    used 6896K, capacity 7318K, committed 7424K, reserved 1048576K
}
Event: 10056.029 GC heap before
{Heap before GC invocations=33 (full 13):
 PSYoungGen      total 323584K, used 2000K [0x00000000eab00000, 0x00000000ffc00000, 0x0000000100000000)
  eden space 304128K, 0% used [0x00000000eab00000,0x00000000eab00000,0x00000000fd400000)
  from space 19456K, 10% used [0x00000000fe900000,0x00000000feaf4030,0x00000000ffc00000)
  to   space 20480K, 0% used [0x00000000fd400000,0x00000000fd400000,0x00000000fe800000)
 ParOldGen       total 89088K, used 33147K [0x00000000c0000000, 0x00000000c5700000, 0x00000000eab00000)
  object space 89088K, 37% used [0x00000000c0000000,0x00000000c205efe0,0x00000000c5700000)
 Metaspace       used 53148K, capacity 56316K, committed 56576K, reserved 1097728K
  class space    used 6896K, capacity 7318K, committed 7424K, reserved 1048576K
Event: 10057.012 GC heap after
Heap after GC invocations=33 (full 13):
 PSYoungGen      total 323584K, used 0K [0x00000000eab00000, 0x00000000ffc00000, 0x0000000100000000)
  eden space 304128K, 0% used [0x00000000eab00000,0x00000000eab00000,0x00000000fd400000)
  from space 19456K, 0% used [0x00000000fe900000,0x00000000fe900000,0x00000000ffc00000)
  to   space 20480K, 0% used [0x00000000fd400000,0x00000000fd400000,0x00000000fe800000)
 ParOldGen       total 89088K, used 33649K [0x00000000c0000000, 0x00000000c5700000, 0x00000000eab00000)
  object space 89088K, 37% used [0x00000000c0000000,0x00000000c20dc790,0x00000000c5700000)
 Metaspace       used 53148K, capacity 56316K, committed 56576K, reserved 1097728K
  class space    used 6896K, capacity 7318K, committed 7424K, reserved 1048576K
}

